Время вызова функции - 2024-10-08 01:33:27.113188.
Имя функции: hello_world.
Функция вызывалась c аргументами args =() kwargs ={}.
Значение функции Hello World.

Время вызова функции - 2024-10-08 01:33:27.113188.
Имя функции: summator.
Функция вызывалась c аргументами args =(2, 2) kwargs ={}.
Значение функции 4.

Время вызова функции - 2024-10-08 01:33:27.113188.
Имя функции: div.
Функция вызывалась c аргументами args =(6, 2) kwargs ={}.
Значение функции 3.0.

Время вызова функции - 2024-10-08 01:33:27.113188.
Имя функции: summator.
Функция вызывалась c аргументами args =(4.3,) kwargs ={'b': 2.2}.
Значение функции 6.5.

Время вызова функции - 2024-10-08 01:33:27.123274.
Имя функции: summator.
Функция вызывалась c аргументами args =() kwargs ={'a': 0, 'b': 0}.
Значение функции 0.

